Arguments: 
  /usr/bin/node /usr/share/yarn/bin/yarn.js

PATH: 
  /home/vinay/gems/bin:/opt/gradle/gradle-3.4.1/bin:/usr/local/sbin:/usr/local/bin:/usr/sbin:/usr/bin:/sbin:/bin:/usr/games:/usr/local/games:/snap/bin:/usr/lib/jvm/java-8-oracle/bin:/usr/lib/jvm/java-8-oracle/db/bin:/usr/lib/jvm/java-8-oracle/jre/bin

Yarn version: 
  1.21.1

Node version: 
  8.10.0

Platform: 
  linux x64

Trace: 
  Error: EACCES: permission denied, mkdir '/home/vinay/DeveloperAtYourDoor/node_modules/@angular-devkit/build-angular/node_modules/ajv'

npm manifest: 
  {
    "name": "developeratyourdoor",
    "version": "0.0.0",
    "scripts": {
      "ng": "ng",
      "start": "node server.js",
      "build": "ng build",
      "test": "ng test",
      "lint": "ng lint",
      "e2e": "ng e2e",
      "postinstall": "ng build -prod"
    },
    "private": true,
    "dependencies": {
      "@angular/cli": "~7.3.8",
      "@angular/compiler-cli": "~7.2.0",
      "@angular/animations": "~7.2.0",
      "@angular/common": "~7.2.0",
      "@angular/compiler": "~7.2.0",
      "@angular/core": "~7.2.0",
      "@angular/forms": "~7.2.0",
      "@angular/platform-browser": "~7.2.0",
      "@angular/platform-browser-dynamic": "~7.2.0",
      "@angular/router": "~7.2.0",
      "core-js": "^2.5.4",
      "rxjs": "~6.3.3",
      "tslib": "^1.9.0",
      "zone.js": "~0.8.26",
      "typescript": "~3.2.2"
    },
    "devDependencies": {
      "@angular-devkit/build-angular": "^0.13.9",
      "@angular/language-service": "~7.2.0",
      "@types/jasmine": "~2.8.8",
      "@types/jasminewd2": "~2.0.3",
      "@types/node": "~8.9.4",
      "codelyzer": "~4.5.0",
      "jasmine-core": "~2.99.1",
      "jasmine-spec-reporter": "~4.2.1",
      "karma": "~4.0.0",
      "karma-chrome-launcher": "~2.2.0",
      "karma-coverage-istanbul-reporter": "~2.0.1",
      "karma-jasmine": "~1.1.2",
      "karma-jasmine-html-reporter": "^0.2.2",
      "node-sass": "^4.13.0",
      "protractor": "~5.4.0",
      "ts-node": "~7.0.0",
      "tslint": "~5.11.0"
    }
  }

yarn manifest: 
  No manifest

Lockfile: 
  No lockfile
